10-23 09:10 INFO     Loading masks...
10-23 09:10 INFO     Start training model
10-23 09:11 INFO     [Epoch   1] Train loss: 0.724
10-23 09:12 INFO     [Epoch   2] Train loss: 0.670
10-23 09:13 INFO     [Epoch   3] Train loss: 0.550
10-23 09:14 INFO     [Epoch   4] Train loss: 0.466
10-23 09:14 INFO     [Epoch   5] Train loss: 0.384
10-23 09:15 INFO     [Epoch   6] Train loss: 0.321
10-23 09:16 INFO     [Epoch   7] Train loss: 0.270
10-23 09:16 INFO     [Epoch   8] Train loss: 0.226
10-23 09:17 INFO     [Epoch   9] Train loss: 0.190
10-23 09:18 INFO     [Epoch  10] Train loss: 0.164
10-23 09:18 INFO     [Epoch  11] Train loss: 0.141
10-23 09:19 INFO     [Epoch  12] Train loss: 0.124
10-23 09:20 INFO     [Epoch  13] Train loss: 0.108
10-23 09:20 INFO     [Epoch  14] Train loss: 0.094
10-23 09:21 INFO     [Epoch  15] Train loss: 0.086
10-23 09:22 INFO     [Epoch  16] Train loss: 0.078
10-23 09:22 INFO     [Epoch  17] Train loss: 0.074
10-23 09:23 INFO     [Epoch  18] Train loss: 0.067
10-23 09:24 INFO     [Epoch  19] Train loss: 0.063
10-23 09:25 INFO     [Epoch  20] Train loss: 0.059
10-23 09:25 INFO     [Epoch  21] Train loss: 0.054
10-23 09:26 INFO     [Epoch  22] Train loss: 0.050
10-23 09:26 INFO     [Epoch  23] Train loss: 0.049
10-23 09:27 INFO     [Epoch  24] Train loss: 0.046
10-23 09:28 INFO     [Epoch  25] Train loss: 0.040
10-23 09:28 INFO     [Epoch  26] Train loss: 0.041
10-23 09:29 INFO     [Epoch  27] Train loss: 0.041
10-23 09:30 INFO     [Epoch  28] Train loss: 0.037
10-23 09:30 INFO     [Epoch  29] Train loss: 0.037
10-23 09:31 INFO     [Epoch  30] Train loss: 0.036
10-23 09:32 INFO     [Epoch  31] Train loss: 0.035
10-23 09:32 INFO     [Epoch  32] Train loss: 0.033
10-23 09:33 INFO     [Epoch  33] Train loss: 0.032
10-23 09:34 INFO     [Epoch  34] Train loss: 0.031
10-23 09:34 INFO     [Epoch  35] Train loss: 0.029
10-23 09:35 INFO     [Epoch  36] Train loss: 0.029
10-23 09:36 INFO     [Epoch  37] Train loss: 0.028
10-23 09:37 INFO     [Epoch  38] Train loss: 0.028
10-23 09:37 INFO     [Epoch  39] Train loss: 0.028
10-23 09:38 INFO     [Epoch  40] Train loss: 0.028
10-23 09:39 INFO     [Epoch  41] Train loss: 0.027
10-23 09:39 INFO     [Epoch  42] Train loss: 0.026
10-23 09:40 INFO     [Epoch  43] Train loss: 0.025
10-23 09:41 INFO     [Epoch  44] Train loss: 0.023
10-23 09:41 INFO     [Epoch  45] Train loss: 0.024
10-23 09:42 INFO     [Epoch  46] Train loss: 0.024
10-23 09:43 INFO     [Epoch  47] Train loss: 0.024
10-23 09:43 INFO     [Epoch  48] Train loss: 0.022
10-23 09:44 INFO     [Epoch  49] Train loss: 0.023
10-23 09:45 INFO     [Epoch  50] Train loss: 0.021
10-23 09:45 INFO     [Epoch  51] Train loss: 0.021
10-23 09:46 INFO     [Epoch  52] Train loss: 0.020
10-23 09:47 INFO     [Epoch  53] Train loss: 0.022
10-23 09:47 INFO     [Epoch  54] Train loss: 0.020
10-23 09:48 INFO     [Epoch  55] Train loss: 0.021
10-23 09:49 INFO     [Epoch  56] Train loss: 0.018
10-23 09:49 INFO     [Epoch  57] Train loss: 0.019
10-23 09:50 INFO     [Epoch  58] Train loss: 0.019
10-23 09:51 INFO     [Epoch  59] Train loss: 0.018
10-23 09:52 INFO     [Epoch  60] Train loss: 0.017
10-23 09:52 INFO     [Epoch  61] Train loss: 0.018
10-23 09:53 INFO     [Epoch  62] Train loss: 0.017
10-23 09:54 INFO     [Epoch  63] Train loss: 0.018
10-23 09:54 INFO     [Epoch  64] Train loss: 0.016
10-23 09:55 INFO     [Epoch  65] Train loss: 0.016
10-23 09:56 INFO     [Epoch  66] Train loss: 0.015
10-23 09:56 INFO     [Epoch  67] Train loss: 0.015
10-23 09:57 INFO     [Epoch  68] Train loss: 0.017
10-23 09:58 INFO     [Epoch  69] Train loss: 0.016
10-23 09:58 INFO     [Epoch  70] Train loss: 0.015
10-23 09:59 INFO     [Epoch  71] Train loss: 0.015
10-23 10:00 INFO     [Epoch  72] Train loss: 0.015
10-23 10:00 INFO     [Epoch  73] Train loss: 0.014
10-23 10:01 INFO     [Epoch  74] Train loss: 0.014
10-23 10:02 INFO     [Epoch  75] Train loss: 0.013
10-23 10:02 INFO     [Epoch  76] Train loss: 0.014
10-23 10:03 INFO     [Epoch  77] Train loss: 0.013
10-23 10:04 INFO     [Epoch  78] Train loss: 0.013
10-23 10:04 INFO     [Epoch  79] Train loss: 0.013
10-23 10:05 INFO     [Epoch  80] Train loss: 0.012
10-23 10:06 INFO     [Epoch  81] Train loss: 0.012
10-23 10:06 INFO     [Epoch  82] Train loss: 0.012
10-23 10:07 INFO     [Epoch  83] Train loss: 0.012
10-23 10:08 INFO     [Epoch  84] Train loss: 0.012
10-23 10:08 INFO     [Epoch  85] Train loss: 0.012
10-23 10:09 INFO     [Epoch  86] Train loss: 0.013
10-23 10:10 INFO     [Epoch  87] Train loss: 0.011
10-23 10:10 INFO     [Epoch  88] Train loss: 0.011
10-23 10:11 INFO     [Epoch  89] Train loss: 0.011
10-23 10:12 INFO     [Epoch  90] Train loss: 0.011
10-23 10:12 INFO     [Epoch  91] Train loss: 0.012
10-23 10:13 INFO     [Epoch  92] Train loss: 0.011
10-23 10:14 INFO     [Epoch  93] Train loss: 0.011
10-23 10:14 INFO     [Epoch  94] Train loss: 0.010
10-23 10:15 INFO     [Epoch  95] Train loss: 0.010
10-23 10:16 INFO     [Epoch  96] Train loss: 0.011
10-23 10:17 INFO     [Epoch  97] Train loss: 0.010
10-23 10:17 INFO     [Epoch  98] Train loss: 0.010
10-23 10:18 INFO     [Epoch  99] Train loss: 0.010
10-23 10:19 INFO     [Epoch 100] Train loss: 0.010
10-23 10:19 INFO     [Epoch 101] Train loss: 0.010
10-23 10:20 INFO     [Epoch 102] Train loss: 0.009
10-23 10:21 INFO     [Epoch 103] Train loss: 0.010
10-23 10:21 INFO     [Epoch 104] Train loss: 0.009
10-23 10:22 INFO     [Epoch 105] Train loss: 0.009
10-23 10:22 INFO     [Epoch 106] Train loss: 0.009
10-23 10:23 INFO     [Epoch 107] Train loss: 0.009
10-23 10:24 INFO     [Epoch 108] Train loss: 0.009
10-23 10:25 INFO     [Epoch 109] Train loss: 0.009
10-23 10:25 INFO     [Epoch 110] Train loss: 0.009
10-23 10:26 INFO     [Epoch 111] Train loss: 0.008
10-23 10:27 INFO     [Epoch 112] Train loss: 0.008
10-23 10:27 INFO     [Epoch 113] Train loss: 0.009
10-23 10:28 INFO     [Epoch 114] Train loss: 0.008
10-23 10:29 INFO     [Epoch 115] Train loss: 0.008
10-23 10:29 INFO     [Epoch 116] Train loss: 0.009
10-23 10:30 INFO     [Epoch 117] Train loss: 0.008
10-23 10:31 INFO     [Epoch 118] Train loss: 0.008
10-23 10:32 INFO     [Epoch 119] Train loss: 0.008
10-23 10:32 INFO     [Epoch 120] Train loss: 0.008
10-23 10:33 INFO     [Epoch 121] Train loss: 0.008
10-23 10:34 INFO     [Epoch 122] Train loss: 0.008
10-23 10:34 INFO     [Epoch 123] Train loss: 0.007
10-23 10:35 INFO     [Epoch 124] Train loss: 0.008
10-23 10:36 INFO     [Epoch 125] Train loss: 0.008
10-23 10:36 INFO     [Epoch 126] Train loss: 0.007
10-23 10:37 INFO     [Epoch 127] Train loss: 0.007
10-23 10:38 INFO     [Epoch 128] Train loss: 0.007
10-23 10:38 INFO     [Epoch 129] Train loss: 0.007
10-23 10:39 INFO     [Epoch 130] Train loss: 0.007
10-23 10:40 INFO     [Epoch 131] Train loss: 0.007
10-23 10:40 INFO     [Epoch 132] Train loss: 0.007
10-23 10:41 INFO     [Epoch 133] Train loss: 0.007
10-23 10:42 INFO     [Epoch 134] Train loss: 0.007
10-23 10:42 INFO     [Epoch 135] Train loss: 0.007
10-23 10:43 INFO     [Epoch 136] Train loss: 0.007
10-23 10:44 INFO     [Epoch 137] Train loss: 0.006
10-23 10:44 INFO     [Epoch 138] Train loss: 0.007
10-23 10:45 INFO     [Epoch 139] Train loss: 0.006
10-23 10:46 INFO     [Epoch 140] Train loss: 0.006
10-23 10:47 INFO     [Epoch 141] Train loss: 0.006
10-23 10:47 INFO     [Epoch 142] Train loss: 0.006
10-23 10:48 INFO     [Epoch 143] Train loss: 0.007
10-23 10:49 INFO     [Epoch 144] Train loss: 0.006
10-23 10:49 INFO     [Epoch 145] Train loss: 0.006
10-23 10:50 INFO     [Epoch 146] Train loss: 0.006
10-23 10:51 INFO     [Epoch 147] Train loss: 0.006
10-23 10:51 INFO     [Epoch 148] Train loss: 0.006
10-23 10:52 INFO     [Epoch 149] Train loss: 0.006
10-23 10:53 INFO     [Epoch 150] Train loss: 0.006
10-23 10:53 INFO     [Epoch 151] Train loss: 0.006
10-23 10:54 INFO     [Epoch 152] Train loss: 0.006
10-23 10:55 INFO     [Epoch 153] Train loss: 0.006
10-23 10:55 INFO     [Epoch 154] Train loss: 0.006
10-23 10:56 INFO     [Epoch 155] Train loss: 0.006
10-23 10:57 INFO     [Epoch 156] Train loss: 0.006
10-23 10:57 INFO     [Epoch 157] Train loss: 0.006
10-23 10:58 INFO     [Epoch 158] Train loss: 0.005
10-23 10:59 INFO     [Epoch 159] Train loss: 0.005
10-23 10:59 INFO     [Epoch 160] Train loss: 0.005
10-23 11:00 INFO     [Epoch 161] Train loss: 0.006
10-23 11:01 INFO     [Epoch 162] Train loss: 0.006
10-23 11:01 INFO     [Epoch 163] Train loss: 0.006
10-23 11:02 INFO     [Epoch 164] Train loss: 0.006
10-23 11:03 INFO     [Epoch 165] Train loss: 0.005
10-23 11:03 INFO     [Epoch 166] Train loss: 0.005
10-23 11:04 INFO     [Epoch 167] Train loss: 0.005
10-23 11:05 INFO     [Epoch 168] Train loss: 0.005
10-23 11:05 INFO     [Epoch 169] Train loss: 0.005
10-23 11:06 INFO     [Epoch 170] Train loss: 0.005
10-23 11:07 INFO     [Epoch 171] Train loss: 0.005
10-23 11:08 INFO     [Epoch 172] Train loss: 0.005
10-23 11:08 INFO     [Epoch 173] Train loss: 0.005
10-23 11:09 INFO     [Epoch 174] Train loss: 0.005
10-23 11:10 INFO     [Epoch 175] Train loss: 0.005
10-23 11:11 INFO     [Epoch 176] Train loss: 0.005
10-23 11:11 INFO     [Epoch 177] Train loss: 0.005
10-23 11:12 INFO     [Epoch 178] Train loss: 0.005
10-23 11:13 INFO     [Epoch 179] Train loss: 0.005
10-23 11:13 INFO     [Epoch 180] Train loss: 0.005
10-23 11:14 INFO     [Epoch 181] Train loss: 0.005
10-23 11:15 INFO     [Epoch 182] Train loss: 0.005
10-23 11:15 INFO     [Epoch 183] Train loss: 0.005
10-23 11:16 INFO     [Epoch 184] Train loss: 0.005
10-23 11:17 INFO     [Epoch 185] Train loss: 0.005
10-23 11:17 INFO     [Epoch 186] Train loss: 0.005
10-23 11:18 INFO     [Epoch 187] Train loss: 0.005
10-23 11:19 INFO     [Epoch 188] Train loss: 0.005
10-23 11:19 INFO     [Epoch 189] Train loss: 0.005
10-23 11:20 INFO     [Epoch 190] Train loss: 0.005
10-23 11:21 INFO     [Epoch 191] Train loss: 0.005
10-23 11:21 INFO     [Epoch 192] Train loss: 0.005
10-23 11:22 INFO     [Epoch 193] Train loss: 0.005
10-23 11:23 INFO     [Epoch 194] Train loss: 0.004
10-23 11:23 INFO     [Epoch 195] Train loss: 0.005
10-23 11:24 INFO     [Epoch 196] Train loss: 0.004
10-23 11:24 INFO     [Epoch 197] Train loss: 0.004
10-23 11:25 INFO     [Epoch 198] Train loss: 0.004
10-23 11:26 INFO     [Epoch 199] Train loss: 0.005
10-23 11:27 INFO     [Epoch 200] Train loss: 0.004
10-23 11:27 INFO     
10-23 11:27 INFO     Model saved

